f:\wow\wmulti\wowclient\debug\wowclient.bsc
f:\wow\wmulti\wowclient\debug\wowclient.pch
f:\wow\wmulti\wowclient\debug\vc140.pdb
f:\wow\wmulti\wowclient\debug\vc140.idb
f:\wow\wmulti\wowclient\debug\stdafx.sbr
f:\wow\wmulti\wowclient\debug\stdafx.obj
f:\wow\wmulti\wowclient\debug\wowclient.sbr
f:\wow\wmulti\wowclient\debug\shadowfangkeep.sbr
f:\wow\wmulti\wowclient\debug\shadopanmonastery.sbr
f:\wow\wmulti\wowclient\debug\monsterlevel.sbr
f:\wow\wmulti\wowclient\debug\mogu'shan palace.sbr
f:\wow\wmulti\wowclient\debug\markup.sbr
f:\wow\wmulti\wowclient\debug\lookingforgroup.sbr
f:\wow\wmulti\wowclient\debug\guildmoney.sbr
f:\wow\wmulti\wowclient\debug\guild.sbr
f:\wow\wmulti\wowclient\debug\game.sbr
f:\wow\wmulti\wowclient\debug\fightmodule.sbr
f:\wow\wmulti\wowclient\debug\deadmines.sbr
f:\wow\wmulti\wowclient\debug\config.sbr
f:\wow\wmulti\wowclient\debug\config.obj
f:\wow\wmulti\wowclient\debug\deadmines.obj
f:\wow\wmulti\wowclient\debug\fightmodule.obj
f:\wow\wmulti\wowclient\debug\game.obj
f:\wow\wmulti\wowclient\debug\guild.obj
f:\wow\wmulti\wowclient\debug\guildmoney.obj
f:\wow\wmulti\wowclient\debug\lookingforgroup.obj
f:\wow\wmulti\wowclient\debug\markup.obj
f:\wow\wmulti\wowclient\debug\mogu'shan palace.obj
f:\wow\wmulti\wowclient\debug\monsterlevel.obj
f:\wow\wmulti\wowclient\debug\shadopanmonastery.obj
f:\wow\wmulti\wowclient\debug\shadowfangkeep.obj
f:\wow\wmulti\wowclient\debug\wowclient.obj
d:\wmulti\wowclient.ilk
d:\wmulti\wowclient.dll
f:\wow\wmulti\wowclient\debug\wowclient.pdb
f:\wow\wmulti\wowclient\debug\wowclient.lib
f:\wow\wmulti\wowclient\debug\wowclient.exp
f:\wow\wmulti\wowclient\debug\vc120.idb
f:\wow\wmulti\wowclient\debug\vc120.pdb
d:/wmulti\wowclient.pdb
d:/wmulti\wowclient.dll
d:/wmulti\wowclient.ilk
f:\wow\wmulti\wowclient\debug\wowclient.tlog\bscmake.command.1.tlog
f:\wow\wmulti\wowclient\debug\wowclient.tlog\bscmake.read.1.tlog
f:\wow\wmulti\wowclient\debug\wowclient.tlog\bscmake.write.1.tlog
f:\wow\wmulti\wowclient\debug\wowclient.tlog\cl.command.1.tlog
f:\wow\wmulti\wowclient\debug\wowclient.tlog\cl.read.1.tlog
f:\wow\wmulti\wowclient\debug\wowclient.tlog\cl.write.1.tlog
f:\wow\wmulti\wowclient\debug\wowclient.tlog\link.command.1.tlog
f:\wow\wmulti\wowclient\debug\wowclient.tlog\link.read.1.tlog
f:\wow\wmulti\wowclient\debug\wowclient.tlog\link.write.1.tlog
f:\wow\wmulti\wowclient\debug\wowclient.tlog\wowclient.write.1u.tlog
